{
  "/home/jack/Repos/Work/starter-library/src/main.js": {
    "path": "/home/jack/Repos/Work/starter-library/src/main.js",
    "statementMap": {
      "0": {
        "start": { "line": 2, "column": 2 },
        "end": { "line": 2, "column": 41 }
      }
    },
    "fnMap": {
      "0": {
        "name": "(anonymous_0)",
        "decl": {
          "start": { "line": 1, "column": 15 },
          "end": { "line": 1, "column": 16 }
        },
        "loc": {
          "start": { "line": 1, "column": 21 },
          "end": { "line": 3, "column": 1 }
        },
        "line": 1
      }
    },
    "branchMap": {},
    "s": { "0": 1 },
    "f": { "0": 1 },
    "b": {},
    "_coverageSchema":
      "332fd63041d2c1bcb487cc26dd0d5f7d97098a6c",
    "hash": "c5baeeb69eef7a4df79085edce7676e97bee3a93"
  }
}
